<?xml version="1.0" encoding="UTF-8"?>
<testng-results ignored="0" total="1" passed="1" failed="0" skipped="0">
  <reporter-output>
  </reporter-output>
  <suite started-at="2020-12-04T11:17:49Z" name="Default suite" finished-at="2020-12-04T11:18:21Z" duration-ms="31960">
    <groups>
    </groups>
    <test started-at="2020-12-04T11:17:49Z" name="Default test" finished-at="2020-12-04T11:18:21Z" duration-ms="31960">
      <class name="Academy.TyrooTest.test">
        <test-method signature="TyroGameofThronesvalidation()[pri:0, instance:Academy.TyrooTest.test@5e600dd5]" started-at="2020-12-04T11:17:50Z" name="TyroGameofThronesvalidation" finished-at="2020-12-04T11:18:21Z" duration-ms="31816" status="PASS">
          <reporter-output>
          </reporter-output>
        </test-method> <!-- TyroGameofThronesvalidation -->
      </class> <!-- Academy.TyrooTest.test -->
    </test> <!-- Default test -->
  </suite> <!-- Default suite -->
</testng-results>
